1000851
1000853
1000855
1000881
1000883
1000885
1000887
1000889
1000891
1000893
1000895
1001349
1001351
1001353
1001371
1001373
1001375
1007649
1007651
1007653
1007655
1007657
1007659
1019973
1019975
1019977
1019979
1019981
1019983
1019985
1019987
1019993
1019995
1020013
1020017
1020029
1020031
1020033
1020035
1020037
1020039
1020041
1020043
1020045
1022347
1022349
1022351
1022353
1022355
1022357
1022359
1022361
1022363
1022365
1022367
1022369
1022371
1022373
1022375
1022593
1022595
1022597
1022599
1024041
1024043
1027315
1027317
1027319
1029001
1029003
1029819
1029821
1029823
1029825
1029827
1030213
1030215
1030217
1030219
1030221
1030223
1030225
1030227
1031425
1031427
1031429
1031431
1031433
1031435
1031437
1031439
1031441
1031443
1031659
1031661
1031663
1031665
1031667
1031669
1031671
1031673
1031675
1033363
1033365
1033369
1033371
1034809
1034811
1034813
1034815
1034817
1034819
1034821
1034823
1034825
1034827
1034829
1041615
1041617
1041761
1050217
1050219
1050221
1050223
1050225
1050227
1050229
1050231
1050233
1059702
1059703
1059710
1059711
1059712
1059713
1059714
1059715
1059716
1062573
1062574
1062575
1062576
1063553
1072305
1072306
1072307
1072308
1072309
1072310
1072311
1072312
1072313
1072314
1072316
1072317
1072318
1072319
1072320
1072321
1072322
1075502
1075503
1075504
1075505
1075506
1075507
1075508
1075982
1075983
1075984
1075985
1077947
1077948
1077949
1077950
1077951
1077953
1077954
1077955
1082591
1082592
1082593
1082594
1082595
1082596
1082597
1082598
1082599
1082600
1082601
1082602
1082603
1082604
1082605
1082606
1082607
1082608
1082609
1082610
1082611
1082612
1082613
1082614
1082615
1082616
1082617
1082618
1082620
1082621
1082622
1082623
1082624
1082625
1082626
1082627
1082628
1082629
1082630
1082631
1082632
1082633
1082634
1082635
1082636
1082637
1082638
1082639
1082640
1082641
1082642
1082643
1082644
1082645
1082646
1082647
1082648
1082649
1082650
1083444
1083445
1083446
1083447
1083448
1083449
1083450
1085495
1085496
1098206
1098207
1098208
1098209
1098210
1098211
1104284
1104285
1104478
1104479
1104480
1104481
1104482
1104483
1109602
1109603
1109604
1109605
1109606
1109607
1109608
1109609
1109610
1115775
1115776
1115777
1115778
1115779
1115780
1115781
1115793
1115794
1115795
1115796
1115797
1115798
1115799
1115800
1115802
1115803
1115804
1115805
1115806
1115807
1115808
1115809
1117821
1117822
1117824
1119496
1119497
1119498
1119499
1119500
1119501
1119502
1119535
1119536
1119537
1119538
1119539
1119540
1119541
1119542
1119543
1119544
1119545
1119546
1119547
1119548
1119549
1119550
1119551
1119552
1119553
1120090
1120091
1120092
1120093
1120094
1120095
1120284
1120285
1120286
1120287
1120288
1120289
1120290
1120291
1120292
1120293
1122276
1122277
1122278
1122279
1122280
1122281
1122282
1122283
1122284
1122285
1122286
1122287
1122310
1122723
1122724
1122725
1122726
1122727
1122728
1122729
1122730
1122731
1122886
1122887
1127284
1127300
1127301
1130738
1130739
1130740
1130742
1130743
1130744
1130745
1130746
1130747
1133817
1133818
1133819
1133820
1133821
1133822
1133823
1135149
1135150
1135151
1136561
1136562
1136563
1136564
1136565
1136566
1136567
1136568
1136569
1136570
1136571
1136572
1136573
1136574
1136575
1136576
1136577
1136578
1136579
1136580
1136581
1136582
1136583
1136584
1136585
1136586
1136587
1136588
1136589
1136590
1136591
1136592
1136593
1136594
1136595
1136596
1136597
1136598
1136599
1136600
1136601
1136602
1136603
1136604
1136605
1136606
1136607
1136608
1136609
1136610
1136611
1136612
1136613
1136614
1136615
1136616
1136617
1136618
1136619
1136620
1140069
1140070
1140071
1140379
1140380
1140381
1140382
1140383
1140384
1140385
1140386
1140387
1140992
1140993
1141232
1142581
1142582
1142584
1142585
1142586
1142587
1142588
1142589
1142913
1142914
1142915
1142916
1142917
1142918
1142919
1142920
1142921
1142922
1142923
1142924
1144146
1144147
1144148
1144149
1144150
1144153
1144154
1144155
1144156
1144157
1144158
1144159
1144160
1144161
1144162
1144163
1144164
1144165
1144167
1144168
1144169
1144170
1144171
1144172
1144173
1144174
1144483
1144484
1144485
1144487
1144488
1144490
1144491
1144492
1144494
1144496
1144497
1144499
1144501
1144502
1144504
1144505
1144507
1144508
1144509
1144511
1144512
1144514
1144515
1144516
1144517
1144519
1144520
1144521
1144522
1144523
1144525
1144526
1144527
1144528
1144529
1144530
1144986
1144987
1144988
1144989
1144990
1144991
1144992
1144993
1144994
1144995
1144996
1144997
1144998
1144999
1145000
1145001
1146717
1146718
1146720
1146721
1146722
1146723
1146724
1146725
1152839
1152840
1152841
1152842
1152843
1152844
1152845
1152846
1152847
1152848
1152849
1152850
1153243
1153244
1153246
1153247
1153249
1153251
1153254
1153255
1153311
1153312
1153314
1153315
1153316
1153317
1153318
1153319
1153691
1153692
1153693
1153694
1153695
1153696
1153697
1153698
1153838
1153839
1153840
1153841
1153842
1153843
1153844
1153845
1153846
1153847
1153848
1157370
1157371
1157372
1157373
1157374
1157375
1157376
1157377
1157378
1157379
1157380
1157381
1157382
1157383
1157752
1157753
1157754
1157755
1157756
1157757
1157758
1157759
1157760
1157761
1158062
1158063
1158064
1158066
1158067
1158069
1158070
1158071
1158072
1158073
1159087
1159089
1159091
1161014
1162727
1168242
1168243
1168244
1168245
1168246
1168247
1168248
1168508
1168509
1168511
1168512
1168514
1169332
1174238
1174239
1174240
1174241
1174242
1175356
1175357
1175358
1175359
1175360
1175361
1175362
1175363
1175364
1175365
1175366
1175367
1175368
1175369
1175370
1175371
1175372
1178393
1178394
1178395
1178396
1178397
1178398
1178399
1178400
1178401
1178402
1178403
1178404
1178405
1178406
1178407
1178408
1178409
1178410
1178411
1178412
1178413
1178414
1178415
1178416
1178417
1178418
1178419
1178420
1178421
1178422
1178423
1178424
1178425
1178426
1178427
1178428
1178429
1178430
1178431
1181764
1181766
1181767
1181768
1183524
1183525
1183526
1183527
1183528
1183529
1183530
1183531
1183532
1183533
1183534
1183537
1185304
1185305
1185306
1185307
1185310
1185311
1185312
1185313
1185314
1185315
1185316
1185317
1185318
1185319
1185320
1185321
1187005
1187006
1187007
1187008
1187009
1187013
1187014
1187015
1187016
1187017
1187018
1187019
1187020
1187021
1187022
1187023
1187027
1187028
1187029
1187665
1187666
1187667
1187668
1187669
1187671
1187672
1187677
1187678
1187679
1187680
1187681
1187682
1187683
1187684
1187685
1187686
1188621
1188622
1188623
1188624
1188625
1188626
1188628
1188629
1192873
1192874
1192875
1192876
1192877
1193504
1193505
1193506
1198235
1198236
1198237
1198238
1198239
1198240
1198241
1198242
1198243
1198244
1198245
1198246
1198247
1198248
1198249
1198487
1198488
1198489
1198490
1198491
1202243
1202244
1203673
1203674
1203675
1203676
1203677
1203678
1206635
1206636
1212541
1212542
1213058
1213059
1213062
1213871
1213872
1213873
1213874
1213875
1216492
1216493
1216494
1216495
1216496
1216497
1216498
1216499
1216500
1216501
1216502
1216503
1216504
1216505
1216506
1216507
1216508
1216509
1216510
1216511
1216512
1216513
1216514
1216515
1216516
1216517
1216518
1216519
1216520
1216521
1216522
1216523
1216524
1216525
1216526
1216527
1216528
1216529
1216530
1216531
1216532
1216533
1216534
1216535
1216536
1216537
1216538
1216539
1216540
1216541
1216542
1216543
1216544
1216545
1216546
1216547
1223869
1223870
1223871
1223872
1223952
1223953
1223954
1223955
1223956
1223957
1225247
1225248
1225249
1233461
1233462
1233463
1233464
1233465
1233466
1233954
1233955
1233956
1233957
1233958
1233959
1233960
1233961
1233962
1233963
1233971
1233972
1233973
1233974
1233975
1233976
1233977
1233978
1233979
1233980
1233981
1237122
1237123
1237124
1237177
1237178
1237180
1237181
1237356
1237357
1239534
1239535
1239536
1239537
1239538
1239539
1239540
1239541
1239542
1239543
1239544
1239545
1239546
1243015
1243016
1243017
1243018
1243019
1243020
1243021
1243384
1243385
1243386
1243387
1243388
1243389
1243390
1243391
1243392
1243393
1243394
1243395
1244022
1244023
1244024
1244025
1244026
1249206
1249207
1249208
1249210
1249211
1249875
1251572
1251573
1251574
1251575
1251576
1251577
1251578
1251950
1251951
1251952
1251953
1251954
1251955
1252066
1252067
1252068
1252069
1252070
1252071
1252073
1252074
1252666
1252667
1252668
1252669
1252671
1252672
1252673
1252675
1252676
1252677
1252678
1252679
1252680
1252681
1252682
1252683
1252684
1252685
1252686
1252687
1252688
1252689
1252690
1252691
1252692
1252693
1252694
1252695
1252696
1252697
1252698
1252699
1254058
1254059
1254060
1254061
1254062
1254063
1254064
1254065
1254066
1254067
1254068
1254069
1254070
1254071
1254072
1254073
1254074
1254075
1254076
1254077
1254078
1254079
1254080
1254081
1254082
1254083
1254084
1254085
1254086
1254087
1254088
1254089
1254090
1254091
1254092
1254093
1254094
1254095
1254096
1254097
1254098
1254099
1254100
1254101
1254102
1254103
1254104
1254105
1254106
1254107
1254108
1254109
1254110
1254111
1254112
1254113
1254114
1254115
1254116
1254117
1255828
1255829
1256720
1256721
1256722
1256723
1256724
1256726
1256727
1256728
1257183
1257184
1257185
1257186
1257187
1262344
1262346
1262347
1262755
1262756
1262757
1262758
1262759
1262760
1263149
1263150
1263151
1263152
1263153
1263154
1263155
1263156
1263157
1263158
1263159
1263160
1263161
1263162
1263163
1263164
1263165
1263166
1263167
1263169
1263170
1263462
1263463
1263464
1263465
1263466
1263471
1263472
1263473
1263474
1263475
1270834
1270835
1270836
1270837
1270838
1271627
1271628
1271629
1271630
1271631
1271632
1272093
1272094
1272095
1272096
1272097
1273712
1273713
1273714
1273715
1273716
1273717
1273718
1273719
1273720
1273721
1273722
1273723
1273724
1273725
1273726
1273727
1273729
1273730
1273731
1273732
1273733
1273734
1273736
1273737
1273739
1273740
1273741
1273742
1273743
1273745
1273746
1273747
1273748
1273749
1273750
1273752
1273753
1273754
1273755
1273756
1276901
1276902
1276903
1276904
1276905
1276906
1276907
1276908
1276909
1276910
1276911
1276912
1276913
1276914
1276915
1276916
1276917
1276918
1277073
1277079
1277080
1277081
1277082
1277083
1277084
1277085
1277086
1277087
1277097
1277098
1277099
1277100
1277101
1277974
1277975
1277976
1277977
1277978
1278671
1278672
1278673
1278674
1278675
1278676
1278677
1278678
1278679
1278680
1278681
1278682
1278683
1278684
1278685
1278686
1278687
1278688
1278689
1278690
1278691
1281444
1281445
1281446
1287773
1287774
1287775
1288310
1288311
1288312
1288313
1288314
1288315
1288316
1288345
1288346
1288979
1288980
1288981
1288982
1288987
1288988
1288989
1294969
1294970
1294971
1298135
1298136
1298137
1298138
1298139
1298140
1298141
1298142
1298143
1298144
1298145
1298146
1298147
1298149
1298150
1298151
1298152
1298153
1298154
1298156
1298157
1298158
1298161
1298162
1298163
1298164
1298165
1298167
1298168
1298169
1298170
1298171
1298173
1298174
1298175
1298176
1298177
1298178
1298179
1299171
1299172
1299173
1299174
1299175
1299176
1299177
1299178
1299179
1299180
1299181
1299182
1299183
1299184
1299185
1299186
1299187
1299188
1299189
1299190
1299191
1299192
1299193
1299194
1299195
1299196
1299197
1299198
1299199
1299200
1299201
1299202
1299203
1299204
1302349
1302350
1302351
1303307
1303308
1303309
1303310
1303311
1303312
1303313
1303314
1303315
1303316
1304047
1304048
1304049
1304050
1304051
1304052
1304053
1304054
1304055
1304056
1304057
1304058
1304059
1304060
1304061
1304062
1304063
1304064
1304065
1304066
1304067
1304068
1304069
1304070
1304071
1304072
1304073
1304074
1304075
1304076
1304077
1304078
1304079
1304080
1304081
1304082
1304083
1304084
1304085
1304086
1304087
1304088
1304089
1304090
1304091
1304092
1304093
1304094
1304095
1304096
1304097
1304098
1304099
1304100
1304101
1304102
1304103
1304104
1304105
1304106
1304107
1304108
1304109
1304110
1304111
1304112
1304113
1304114
1304115
1304116
1307293
1307294
1307295
1307296
1307297
1307298
1307299
1307300
1307301
1307302
1307477
1307478
1307479
1308488
1308489
1310901
1310902
1311737
1311738
1311739
1312197
1312198
1312199
1312200
1315038
1315039
1315040
1317147
1317148
1317149
1317150
1317151
1317152
1317153
1317154
1317476
1317477
1317478
1317479
1317480
1317481
1317482
1317483
1317484
1317485
1317486
1317487
1317488
1317489
1317490
1317491
1317492
1317493
1317494
1317900
1317901
1317902
1317903
1317904
1317905
1317906
1317907
1317908
1317909
1317910
1317911
1317912
1317913
1320741
1320953
1320954
1322276
1322277
1322278
1322279
1322280
1322334
1322335
1322336
1322337
1322338
1322339
1322340
1322355
1322356
1322357
1322358
1322359
1322361
1322362
1322363
1322364
1325549
1325550
1325551
1327228
1327229
1327230
1327231
1327232
1327233
1327234
1327270
1327272
1327273
1327274
1327276
1327277
1327280
1327281
1327503
1327504
1327505
1327506
1327507
1327508
1327509
1327510
1327511
1330871
1330872
1330873
1336043
1336044
1336045
1336046
1336047
1336048
1336049
1336050
1336051
1336052
1336053
1336054
1336055
1336127
1336129
1336130
1339595
1339596
1339597
1339599
1339600
1339602
1339603
1339604
1339605
1339606
1339607
1339608
1339609
1339610
1339611
1339612
1339613
1339614
1339615
1339616
1339617
1339618
1339619
1339620
1339621
1339622
1339623
1340845
1340846
1340847
1340848
1340849
1343941
1343942
1343943
1343944
1343945
1343946
1343947
1343948
1343949
1343950
1343951
1343952
1343953
1343954
1343955
1343956
1343957
1343958
1343959
1343960
1343961
1343962
1343963
1343964
1343965
1343966
1343967
1343968
1343969
1343970
1343971
1343972
1343973
1346916
1346917
1346918
1346919
1346920
1346921
1346922
1346923
1346924
1346925
1346926
1346927
1346928
1346929
1346930
1346932
1346934
1346935
1346936
1346937
1346938
1346939
1346940
1346941
1346942
1346943
1346944
1346945
1346946
1346947
1346948
1346949
1348640
1348641
1348642
1348643
1348644
1348645
1348646
1348647
1348648
1348649
1348650
1348651
1348652
1348653
1348654
1348655
1348656
1348657
1348658
1350681
1350682
1351397
1351398
1351399
1351400
1351401
1351402
1355606
1355607
1355608
1355609
1355610
1355611
1355613
1355614
1355615
1355616
1355617
1355618
1355619
1355620
1355621
1355622
1355623
1355624
1355625
1355626
1355627
1355628
1355629
1355630
1355631
1355632
1355633
1355634
1355635
1355636
1355637
1355638
1355639
1358412
1359475
1359476
1359477
1359478
1359479
1359480
1359481
1359482
1359483
1359484
1359485
1359486
1359487
1359488
1359489
1359490
1359491
1359492
1359493
1359494
1359495
1359496
1359497
1359498
1359499
1359500
1359501
1359502
1359503
1359504
1359505
1359506
1359507
1359508
1359509
1359510
1359511
1359512
1359513
1359514
1359515
1359516
1359517
1359518
1359519
1359520
1359521
1359522
1359523
1359524
1359525
1359526
1359527
1359528
1359529
1359530
1359531
1359532
1359533
1359534
1359535
1359536
1359537
1359538
1359539
1359540
1359541
1359542
1359543
1359544
1363447
1363448
1370350
1370351
1370352
1370353
1373568
1373569
1373570
1373571
1373572
1373573
1373574
1373575
1373576
1373577
1373578
1373579
1373580
1373581
1373582
1373583
1375842
1375843
1375844
1375845
1375846
1375847
1375848
1375849
1375850
1375851
1375852
1377005
1377006
1377007
1377727
1377728
1377729
1381212
1381213
1381214
1381215
1381216
1381217
1381218
1381219
1381220
1381221
1381361
1381362
1381363
1381364
1381365
1381366
1381367
1381368
1381369
1381370
1381371
1381372
1381373
1381374
1381375
1381376
1381377
1381378
1381379
1384392
1384393
1384395
1384396
1384397
1384398
1384399
1384401
1384402
1384403
1384405
1384406
1384408
1384409
1384410
1384411
1384412
1384414
1384415
1384416
1384417
1384418
1384419
1384420
1384422
1384423
1384424
1384426
1384427
1384428
1384429
1384431
1384432
1384434
1384435
1384436
1384437
1384438
1384439
1384634
1384637
1385685
1385686
1385688
1385690
1385691
1385692
1385693
1385694
1385695
1385696
1385697
1385698
1385700
1385701
1385702
1385703
1385704
1387598
1387599
1387600
1387601
1387602
1387603
1387604
1388211
1388212
1388213
1388214
1388215
1388216
1388217
1388218
1388219
1388220
1388221
1388222
1388223
1388224
1388225
1388226
1388227
1388392
1388393
1388394
1388398
1388401
1388403
1388406
1388407
1388410
1388412
1388414
1389388
1389389
1389390
1389391
1389392
1389393
1389394
1389395
1389399
1389400
1389401
1389402
1389403
1392653
1392654
1392655
1392656
1392657
1392658
1392659
1392660
1392661
1392662
1392663
1392664
1392665
1392666
1392667
1392668
1392669
1392670
1392671
1392672
1392673
1392674
1392675
1392676
1392677
1392678
1392679
1392680
1392681
1392682
1392683
1392684
1392685
1392691
1395700
1395701
1395702
1395703
1395704
1399113
1399114
1399117
1399119
1406889
1406890
1406891
1406892
1406893
1406894
1406895
1406896
1406897
1406898
1406899
1406900
1406901
1406902
1406903
1406904
1406905
1406906
1406907
1406908
1406909
1406910
1406911
1406912
1406913
1406914
1406915
1406916
1406917
1406918
1406919
1406920
1406921
1406922
1408102
1412539
1412540
1412541
1412542
1412543
1412544
1415701
1415702
1415703
1415704
1415706
1415707
1415708
1415709
1415710
1415711
1415712
1415713
1415715
1415716
1415717
1415718
1415719
1415720
1415721
1415722
1415724
1415725
1415726
1415727
1415728
1415731
1415732
1415734
1415735
1415736
1415737
1415738
1415739
1415741
1415742
1415744
1415745
1415746
1415747
1415749
1415750
1415751
1415754
1415755
1417790
1417791
1417792
1417793
1417794
1417795
1417796
1417797
1417798
1417799
1417800
1417801
1417802
1417803
1417804
1417805
1417806
1417807
1417808
1417809
1417810
1417811
1417812
1417813
1417814
1417815
1417816
1417817
1417818
1417819
1417820
1417821
1417822
1417823
1418539
1418540
1418541
1418542
1418543
1418544
1418545
1419824
1419825
1419826
1419827
1419828
1419829
1419830
1419831
1420223
1420224
1420225
1420226
1420227
1422119
1422120
1422121
1422122
1422123
1422124
1422125
1422126
1422127
1422128
1422129
1422130
1422131
1422132
1422133
1422134
1422135
1422136
1422137
1422138
1422139
1424754
1424829
1424830
1424831
1424832
1424833
1426260
1426261
1426262
1426263
1426264
1426265
1426266
1426267
1426268
1426269
1426270
1426271
1426272
1426273
1426274
1426275
1426276
1426277
1426278
1426279
1426280
1426281
1426282
1426283
1426284
1426285
1426286
1426287
1426288
1426289
1426290
1426291
1426292
1426293
1426294
1426295
1426296
1426297
1426298
1426299
1426300
1426302
1426303
1426305
1426306
1426307
1426309
1426310
1426311
1426312
1426549
1426550
1426551
1426552
1426553
1426554
1426555
1426556
1426557
1426558
1426559
1426830
1426831
1426832
1428554
1428555
1428556
1431086
1431087
1431088
1431089
1431090
1432209
1432210
1432211
1432212
1432214
1432215
1432216
1432217
1432218
1432726
1432727
1432728
1432729
1432730
1432731
1432732
1432733
1432736
1432737
1432738
1432739
1432740
1432741
1432742
1432743
1432744
1432745
1432746
1432747
1432748
1432749
1432750
1433362
1433363
1433364
1433365
1433366
1433367
1433368
1433369
1433370
1433371
1433372
1433373
1433374
1433375
1433376
1433377
1433378
1433379
1433380
1433381
1433382
1433383
1433384
1433385
1439891
1439892
1439893
1439894
1439895
1439896
1439897
1439898
1439899
1439900
1439901
1439902
1439903
1439904
1439905
1439906
1440463
1440464
1440465
1442213
1442214
1442215
1442216
1442217
1442218
1442219
1442220
1442221
1442222
1442223
1442987
1442988
1442989
1442990
1442991
1442992
1443543
1443544
1443545
1443546
1443547
1443548
1443549
1443550
1443551
1443552
1443553
1443554
1443555
1443556
1444649
1444650
1444651
1444652
1444653
1444654
1447096
1447097
1448343
1448344
1448345
1448346
1448347
1448348
1448349
1448350
1448351
1448352
1448353
1448354
1448355
1448356
1448357
1448358
1448360
1448362
1449301
1449302
1449303
1449304
1449634
1449635
1449636
1449637
1449639
1449640
1449641
1449642
1449643
1449644
1449645
1449646
1449647
1449648
1449649
1449650
1449651
1449652
1449653
1449654
1449655
1449656
1449657
1449658
1449659
1449660
1449661
1449662
1449663
1449664
1449665
1449666
1449667
1449769
1451814
1451815
1451816
1451817
1451818
1451819
1453293
1453294
1455611
1455612
1455613
1455614
1455615
1456441
1456442
1456443
1456444
1456445
1459906
1459907
1459908
1462173
1462174
1462175
1462176
1462177
1462178
1462179
1462180
1462181
1462182
1462183
1462184
1462185
1462186
1462187
1462188
1462189
1462190
1462191
1462192
1462193
1462194
1462195
1462196
1462197
1462198
1462199
1462200
1462201
1462202
1462203
1462204
1462205
1462206
1466414
1466415
1466417
1466418
1466419
1466424
1466425
1466426
1466427
1466428
1469168
1471002
1471003
1471004
1471005
1471006
1471007
1471008
1471009
1471010
1471011
1471012
1471013
1471014
1471015
1471016
1471017
1471018
1471019
1471020
1471021
1471022
1471023
1471024
1471025
1471026
1471027
1471028
1471029
1471030
1471031
1471032
1471033
1471034
1471035
1472511
1472512
1472513
1472516
1472517
1472518
1472519
1472520
1472521
1472522
1472523
1472524
1472525
1472526
1472527
1472528
1472529
1472530
1473438
1473439
1473440
1473441
1473442
1473443
1473444
1473445
1473446
1473447
1473448
1473449
1473450
1473451
1473452
1473453
1473454
1473455
1473456
1473457
1473458
1473459
1473460
1473461
1473462
1473463
1473464
1473465
1473466
1473467
1473468
1473469
1473470
1473471
1473472
1473473
1473474
1473475
1473476
1473477
1473478
1473479
1473480
1473481
1473482
1473483
1473484
1473485
1473486
1473487
1473488
1473489
1473490
1473491
1473492
1473493
1473494
1473495
1473497
1473498
1473499
1473500
1473501
1473502
1473503
1473504
1473505
1473506
1473507
1473508
1473509
1473510
1473511
1477609
1477610
1477611
1478863
1478864
1478865
1478866
1478867
1478868
1478869
1478870
1478871
1478872
1478873
1478898
1478899
1478900
1478901
1478902
1478903
1478904
1478905
1478906
1478907
1478908
1478909
1478910
1478911
1479569
1479570
1479571
1479572
1479573
1479574
1479575
1479576
1479577
1479578
1479580
1481992
1481993
1481994
1481995
1481996
1481997
1481998
1481999
1482000
1482001
1482002
1482003
1482004
1482005
1482006
1482007
1482008
1482009
1482010
1482011
1482012
1482013
1482014
1482015
1482016
1482017
1482018
1482019
1482020
1482021
1482023
1482024
1482025
1483785
1483786
1483787
1485503
1485504
1485505
1485506
1485507
1485508
1485509
1485510
1485779
1487824
1489968
1489969
1489970
1490231
1490232
1490233
1490234
1490235
1490236
1490237
1490238
1491714
1491715
1491716
1491717
1491718
1491719
1491720
1491721
1491722
1491723
1491724
1491725
1491726
1491727
1491728
1491729
1491730
1491732
1491733
1491734
1491735
1491736
1491737
1491903
1491904
1491905
1492821
1492822
1492823
1492824
1492825
1494253
1494254
1494255
1494256
1494257
1494258
1494259
1494260
1494261
1494262
1494265
1494266
1494267
1494268
1494269
1494271
1494272
1494273
1494274
1494275
1494276
1494277
1494278
1494279
1494280
1494281
1494282
1494283
1494284
1494285
1494286
1496921
1496922
1496923
1496924
1496925
1496926
1496927
1496929
1496931
1496932
1496933
1496934
1496935
1496936
1496937
1496938
1497874
1497877
1501318
1501319
1501320
1501321
1501322
1501323
1501324
1501325
1501326
1501327
1501328
1501329
1501330
1501331
1501332
1501333
1501334
1501335
1501336
1501337
1501338
1501339
1501340
1501341
1501342
1501343
1501344
1501345
1501346
1501347
1501348
1501349
1501350
1501351
1501893
1501894
1501895
1501896
1501897
1501898
1501899
1501900
1502048
1502049
1502050
1502051
1502052
1502053
1502054
1502167
1502168
1502169
1505122
1505123
1505124
1505125
1505126
1505127
1507716
1507717
1507718
1507719
1507720
1507721
1509859
1512719
1512720
1512721
1512723
1512724
1512725
1512726
1512727
1512728
1512729
1512730
1512732
1512733
1512734
1512735
1512736
1512737
1512738
1512739
1512740
1512741
1512742
1512743
1512744
1512745
1512747
1512748
1512749
1512751
1512752
1512753
1512754
1512755
1512756
1512758
1512760
1512761
1512762
1512763
1512764
1512765
1512766
1512767
1512768
1512769
1512770
1512771
1512772
1512773
1514480
1514482
1519636
1519637
1519638
1525652
1525653
1525654
211028
211048
222678
225263
225271
226374
237242
238195
247457
247458
247460
247462
247463
247464
247465
247466
247467
247468
247469
247470
247471
247472
247473
247475
247476
247477
247478
247479
247481
247482
247483
247484
247485
247486
247487
247488
247489
247490
247491
247492
247493
247494
247495
247496
247497
247499
247500
247501
247502
247503
247504
247505
247506
247507
249227
249228
249229
249230
249231
249232
249233
249234
249235
249236
249237
249238
249239
249240
249241
250668
250669
250670
250671
250672
251487
251488
251491
251492
251494
251495
251496
255954
258463
258464
258465
258466
258467
258471
258472
258473
258474
258475
258476
258477
267708
267709
267710
267712
267713
267715
275789
282688
282689
287853
287854
287855
287856
287857
287858
287860
287861
287862
287863
287864
287865
287866
287867
287868
287869
287870
287871
287872
287873
287874
287875
287876
287877
287878
287879
289107
289108
289110
291217
291218
291220
291221
291343
291345
291346
291347
291356
291359
291360
291361
291362
291364
291365
291366
291367
291368
291369
291370
291371
291372
293071
293072
293076
293077
293078
293481
293482
293483
295788
296903
296904
296905
296906
296907
296908
296914
296915
296916
296917
296918
297793
297794
297795
297796
297797
297798
297799
297800
297801
297802
297803
297804
297805
298795
298796
298797
298798
298804
298805
298806
298807
298808
298809
299006
299007
299008
299009
299010
300426
300427
300428
300435
300436
300437
300438
300439
300440
300441
300486
300487
300488
306989
306991
317578
317579
317581
319112
319134
319135
319136
319142
319143
319144
319145
319146
319147
323949
323950
323951
325800
325801
325802
325803
325804
335346
335347
335348
335349
335350
335351
335352
335353
335354
335355
335356
335357
335358
335982
335983
335984
335985
335986
335987
335988
335989
335990
335991
335992
335993
335994
335995
335996
335997
335998
335999
336000
336001
336002
336003
336004
336005
336006
336007
336008
336009
336010
336011
336012
336013
336014
336015
336016
336017
336018
336019
336020
336021
336022
336023
336024
336025
336026
336027
336028
336029
336031
336032
336033
336034
336035
336036
336037
336038
336039
336040
336201
336202
336204
343732
343733
343734
343736
343759
343760
343761
343762
343763
343764
345468
345469
345470
345471
350043
350044
350045
350046
350047
350048
350049
350050
350347
350348
350475
350476
350477
350478
350479
350480
350481
351684
351685
351686
351687
351688
351689
351690
351691
351692
351693
351694
351695
351696
352665
352666
352667
352668
352669
352674
355991
355992
355993
355994
355995
355996
355997
355998
355999
356000
356001
356002
356003
356004
356005
356006
356007
356008
356009
356010
356011
356012
356013
356014
356015
356016
356017
360800
361043
361044
361045
361046
361047
361656
361660
366341
366622
366623
366624
366625
366626
366627
366707
366708
366709
366711
374059
374060
375456
375457
375460
375462
377313
377314
377315
377316
378755
380715
380716
383275
385749
385750
385751
386494
386530
386531
386532
386533
386534
386535
387563
387564
387566
387567
387568
392181
392182
392183
392184
392185
392186
392188
392189
392190
392191
392192
392194
392195
392196
392197
392198
392199
392200
392201
392202
392203
392204
392205
392206
392207
392208
392209
392210
392211
392212
392213
392214
392215
392216
392217
392218
392219
392220
392221
392222
392223
392224
392225
392226
392227
392228
392229
392230
392231
392232
392233
392234
392235
392236
392237
392238
392239
392615
392616
392617
392618
392619
392620
401073
401074
401075
401076
403370
403371
403372
403373
403374
403375
403380
403381
403382
403383
403385
403386
406192
406193
406194
406195
406196
406197
406198
406202
406203
406204
406205
406206
406207
412677
412678
412680
412681
412682
412683
412684
412685
412686
412688
412689
412690
412691
412692
412693
412694
412695
412696
412697
412698
412699
412700
412701
412702
412703
415273
415274
415275
415276
415277
415278
415279
415280
415281
415282
415283
415284
415285
415286
415287
416236
416237
416238
416239
416240
416241
419106
419107
419108
419109
419110
419111
419112
419113
419114
419115
419116
419117
419118
419119
419120
419121
419122
419123
419124
419125
419126
419127
419128
419129
419130
419131
419132
419133
419134
419135
419136
419137
419138
419139
419140
419141
419142
419143
419144
419145
419146
419147
419148
419149
419150
419151
419152
419153
419154
419155
419156
419157
419158
419159
419160
419161
419162
419163
419164
419165
423782
423783
423784
423785
423787
423788
423791
423792
423793
423794
423795
426384
426387
426388
426389
426390
426391
426392
426393
426403
426404
426405
426417
426418
426420
426421
426422
426428
426429
426430
426431
426432
426720
426721
426722
426723
426724
428753
430508
430509
430884
430885
430886
430887
430888
430889
430890
433558
433559
433560
433561
433562
433563
433564
433565
433566
433567
433568
433569
433570
433571
433572
433573
433574
433575
433576
433577
433578
433579
433580
433581
433582
433583
433584
433585
433586
433587
433588
433589
433590
433591
433592
433593
433594
433595
433596
433597
433598
433599
433600
433601
433602
433603
433604
433605
433606
434258
434259
434260
434261
434262
434263
434264
439139
439140
439141
439142
439143
439144
439146
439147
439148
439149
439150
439151
440945
440946
441827
441828
441829
446956
446957
446958
446959
446960
446961
446962
446963
446964
446965
446966
446967
446968
447539
452146
452147
452148
452149
452150
452151
452152
452153
452154
455231
455232
455233
455234
455235
455236
455237
456662
456663
456664
456665
456666
456668
456991
456992
461565
461566
461567
461568
461569
461570
463141
463142
463143
463144
463145
463148
463149
463150
463151
463152
463153
463154
464529
464990
464991
464992
467883
467884
467885
467886
467887
473315
473918
473919
473920
473921
473922
473923
473924
473925
473926
473927
473928
474463
474464
474465
474466
474467
474468
474469
474470
474471
474472
474473
474474
474475
474476
474477
474478
474479
474480
474481
476596
476598
476599
476600
478279
483126
489212
489213
489214
489215
489216
489217
489218
489219
489220
489221
489222
489223
489224
489225
489226
489227
489228
501198
501199
501200
501201
501202
501203
501204
501205
501206
501207
501208
501209
501210
501211
501212
501213
501214
501215
501216
501218
501219
501220
501221
501222
501223
501224
501225
501226
501227
501228
501229
501230
501231
501232
501233
501234
501235
501236
501237
501238
501239
501240
501241
501242
501243
501244
501245
501246
501247
501248
501249
501250
501251
501252
501253
501254
501255
501256
501257
501258
501259
501260
501261
501262
501263
501264
501265
501266
501267
501268
501269
501270
501271
503363
503364
503365
514023
514024
514025
514026
514027
514029
514030
514032
514033
514034
514035
514036
514037
514038
514039
516204
516205
516206
516207
516208
516209
516210
516212
516213
516214
518947
518948
518950
518951
518952
518953
518954
518955
518956
518957
518958
518959
518960
518961
518962
518963
518964
518965
518966
518967
518968
518969
518970
520591
520592
520593
520594
520595
520596
520597
520598
520599
520600
520601
520602
520603
520604
520605
521217
521218
521219
521220
521221
521222
521225
521226
523731
523732
523733
523734
523735
523736
525816
525817
527012
527013
527014
527015
527016
527017
530424
530425
530426
530427
530428
530429
530430
530431
530432
531628
531629
531630
531631
531632
531633
531634
531635
531636
531637
531982
531983
531984
531985
531986
531987
533272
533273
533275
533276
533278
533279
533280
533281
533282
533283
533284
533285
533286
533287
533288
533289
533290
533291
533292
533293
533294
533295
533296
533297
533298
534205
534206
534207
534208
534209
534210
534214
534215
534216
534218
534219
534225
534226
534227
534228
534229
534230
534231
534232
534233
534234
534235
535794
535795
535796
535797
535798
535799
535800
535997
535998
535999
536929
536930
536931
536932
536933
538068
538069
538070
538071
538072
538073
540168
540169
540170
540171
540172
540173
540174
540176
540177
540178
548306
548307
548308
548309
548310
548311
548312
548313
548314
548315
548316
548317
548318
548319
548320
548321
548322
548323
548324
548325
548326
548327
548328
548329
548330
548331
548332
548333
548334
548335
548336
548337
548339
548341
548342
548343
548344
548345
548346
548347
548348
548349
548350
548351
548352
548353
548354
548355
548356
548357
548358
548359
548360
548361
548362
548363
548364
548365
548366
548367
548368
548369
548370
548371
548372
548373
548374
548375
548376
548377
548378
548379
548380
548381
556252
560921
560922
560923
560924
560925
560926
560927
560929
560930
562437
562438
562439
562440
562441
562442
562443
562444
562445
562446
564781
564782
564783
564784
564785
564786
565806
565807
565808
565809
565810
565811
565812
565813
565814
565815
565816
565817
565818
565820
566921
566922
566923
566924
566925
566926
566927
566932
566933
566934
566935
566936
566937
566938
566940
566942
566943
566944
566945
566946
566947
566948
567353
567354
567355
567356
567357
567358
567359
567360
567363
567364
567365
567367
567368
567369
567370
567371
567372
569237
569238
569239
569240
569241
569242
569243
569244
569245
571145
571146
571147
571148
571149
571150
573007
573008
573009
573011
573012
573013
573014
573015
573016
573017
573018
573019
573020
573022
573023
573024
573025
573026
573027
578614
578615
578616
578617
578618
578619
578620
578621
578622
578623
578624
578625
582186
582188
582189
582190
582191
582192
582193
587469
587470
587471
587472
587473
587474
587475
587476
589306
589307
589308
589309
589310
592397
592398
592399
592400
592401
593983
593985
593986
593987
593988
593989
597923
597924
597925
597926
597927
597928
597929
597998
597999
598000
598001
598002
598003
598004
598005
598006
598007
598008
598009
598010
598011
598012
598013
598014
598015
598016
598017
598018
598019
598020
598021
598022
598023
598024
598025
598026
598027
598028
598029
598030
598031
598032
598033
598034
598035
598036
598037
598038
598039
598040
598041
598042
598043
598044
598045
598046
598047
598048
598049
598050
598051
598052
598053
598054
598055
598056
598057
598058
598059
598060
598061
598062
598063
598064
598065
598066
598067
598068
598069
598070
598071
598072
598073
598812
598813
598814
598815
601077
601612
601613
602472
602473
602474
602475
602476
602477
635653
635654
635655
635656
635657
635658
635659
635660
636159
636160
636161
636162
636163
636164
636165
636166
636533
636534
636535
636536
636537
636538
643665
643667
643669
643675
643677
645635
645637
645639
645641
645643
645645
645647
647247
647249
647251
647253
647255
647259
647261
648651
648653
648655
648665
648667
648673
648675
648677
648681
648683
649087
649089
649091
649093
649095
649097
649099
649101
649103
656399
656401
656403
656405
656407
656409
656413
656415
656417
656423
656425
656427
656429
656433
656435
656437
656439
656441
656443
656445
656447
656451
656453
656455
656457
656461
656463
656465
656467
656469
656471
656475
656477
656479
656481
656483
656485
656487
656489
656491
656493
656495
657633
657635
657637
657639
657641
657643
657645
657647
657649
657651
659545
659547
659549
659551
659553
659555
659557
661679
661681
661683
661685
661689
661691
661693
661695
661697
667641
667643
667645
667647
667649
667651
667653
667711
667713
667715
667717
667719
667723
667725
667727
667729
667731
667887
667889
667891
667893
667895
667897
667899
667901
668949
668951
668953
668955
668957
668959
668961
668963
668965
668969
676525
676527
676529
676531
676533
682921
682923
682925
682927
682929
682931
682933
682935
682937
682939
682941
682943
682945
682947
682949
682951
682953
682955
682957
682959
682961
682963
682965
684679
685727
685729
685731
685733
685735
690347
690349
690351
690353
690355
690357
690359
702139
702141
702143
706767
710291
710293
710297
710301
710305
710309
710311
722329
722331
722333
722335
722337
722339
722341
722343
722345
722347
727917
727919
727921
727923
727927
727929
729279
729281
729283
729285
729287
729289
729291
729293
729295
729297
729299
729301
729303
729305
729307
729309
729311
729313
729315
729317
730083
730085
730087
730089
730091
730277
730279
730281
730283
730285
730287
730289
730291
730293
730295
730297
733971
733973
733975
733977
733979
733981
733983
733985
733987
733989
733991
733993
733995
733997
733999
734001
734003
734005
734007
734009
734011
734013
734015
734017
734019
734021
734023
734025
734027
734029
734031
734033
734035
734037
734039
734041
734043
734045
734047
734049
736063
736435
736437
736439
736441
736443
736445
736447
736449
736451
736453
736455
742611
742613
742615
742617
742619
742621
742623
742625
742627
743939
743941
743943
743945
743947
743949
743951
743953
743963
743965
743967
743969
743971
743973
743975
743977
743979
743981
743983
743985
744679
744681
744683
745153
745155
745159
745161
745163
749771
749773
749775
749777
749779
749781
749783
749785
749787
749789
749791
749793
749795
749797
750663
750665
750667
750669
750671
750673
750675
754039
754717
754719
754721
754723
754725
754727
754729
754731
754737
754739
754741
754743
754749
754751
754753
754755
754757
754759
754761
760889
766929
766931
766933
770121
770123
770127
778031
778039
792289
792291
792293
792295
792297
800461
800463
800465
800467
800469
800471
800473
800475
800477
800479
800481
810423
810425
817203
817205
817207
817209
817211
817213
817215
829705
829707
829709
829711
829713
829715
829717
829719
829721
829723
829725
829727
829729
829731
829733
829735
829737
829739
829741
829743
829745
829747
829749
829751
829753
829757
829759
829761
829763
829765
829767
829769
829771
829773
829775
829777
829779
829781
829783
829785
829787
829789
829791
829793
829795
829797
829799
829801
829803
829805
829807
829809
829811
829813
829815
829817
829819
829821
829823
848839
848841
848843
848845
848847
858485
858487
858489
858491
858493
858495
860263
860265
860267
860269
860271
860273
860275
860277
860279
860281
868723
868725
868727
868729
868731
870729
870731
870733
870735
884347
884349
884351
885959
885965
885967
885969
885971
892509
892511
892513
892515
892517
892519
894287
894289
894291
894293
895773
895775
895777
895807
895809
895811
895813
895815
895817
895819
895821
902635
902637
902639
902641
902643
902645
902647
902649
902651
902653
903587
903589
903593
903595
903597
903599
903601
903603
903605
903607
903609
913613
913615
913617
913621
913623
913625
913627
913629
913631
913633
913641
913643
913645
913647
913649
913653
913655
913657
913659
913661
913663
914203
914205
914207
914209
914211
914213
914215
914217
914219
914221
914223
914225
914227
914231
914233
914235
914237
914239
914265
915773
915775
915777
915779
915781
915783
915785
919603
919605
919607
919609
919611
932849
932851
932853
932855
932857
932859
932861
932863
932865
932867
936127
936129
936131
936133
936135
936137
936139
936141
936143
936147
936149
936151
936153
936155
936157
936159
936161
936163
936165
936167
951305
951329
951331
951333
951337
951339
951341
951345
951347
951349
951353
951355
951357
951359
951361
951363
951367
951369
951371
951373
963697
963699
963701
966735
966739
966743
966745
966747
966749
966751
966753
966755
966757
966759
966761
966763
966765
980901
980903
980905
980907
980909
980911
980913
980915
980917
980919
980921
980923
980925
980927
980929
980931
980933
980935
980937
980939
980941
980943
980945
980947
980949
980951
980953
980955
980957
980959
980961
980963
980965
980967
980969
980971
980973
980975
980977
980979
980981
980983
980985
980987
980989
980991
980993
980995
980997
980999
981001
981003
981005
981007
981009
981011
981013
981015
981017
981019
995451
995453
995455
995457
995459
995461
995463
995465
995467
995469
